2026-04-21 00:16:56,320 [ERROR] GOPRO_EMAIL / GOPRO_PASSWORD env vars not set — cannot refresh cookies
2026-04-21 00:16:56,322 [ERROR] Cookie refresh failed — giving up
2026-04-21 00:17:54,105 [ERROR] GOPRO_EMAIL / GOPRO_PASSWORD env vars not set — cannot refresh cookies
2026-04-21 00:17:54,106 [ERROR] Cookie refresh failed — giving up
2026-04-21 00:23:35,508 [INFO] Refreshing GoPro cookies via Playwright...
2026-04-21 00:23:51,957 [INFO] Cookie refresh successful — 12 cookies saved
2026-04-21 00:23:53,725 [INFO] ============================================================
2026-04-21 00:23:53,725 [INFO] FFA GoPro -> YouTube uploader starting — 2 new video(s)
2026-04-21 00:37:25,299 [INFO] ============================================================
2026-04-21 00:37:25,301 [INFO] FFA GoPro -> YouTube uploader starting — 2 new video(s)
2026-04-21 00:37:41,230 [INFO] "GET /?state=YhFQcQ8paKJZfcv9uqOZc54uzWAIyS&iss=https://accounts.google.com&code=4/0Aci98E9spak1eNQWe9qkYNCd2gI5V7W3WjIfZqptwPOo65EYUtE7wRKvNWxjnUK7DY9Q8w&scope=https://www.googleapis.com/auth/youtube.upload HTTP/1.1" 200 65
2026-04-21 00:37:43,186 [INFO] file_cache is only supported with oauth2client<4.0.0
2026-04-21 00:37:43,319 [INFO] Processing: GX010117.MP4 (2026-04-20) Camera A — 18.1 GB
2026-04-21 00:37:44,040 [INFO] Downloading to GX010117.MP4 (attempt 1)...
2026-04-21 00:40:49,606 [INFO] ============================================================
2026-04-21 00:40:49,606 [INFO] FFA GoPro -> YouTube uploader starting — 2 new video(s)
2026-04-21 00:40:49,683 [INFO] file_cache is only supported with oauth2client<4.0.0
2026-04-21 00:40:49,695 [INFO] Processing: GX010117.MP4 (2026-04-20) Camera A — 18.1 GB
2026-04-21 00:40:50,408 [INFO] Downloading to GX010117.MP4 (attempt 1)...
2026-06-10 00:01:57,390 [INFO] Refreshing YouTube token...
2026-06-10 00:01:57,567 [INFO] file_cache is only supported with oauth2client<4.0.0
2026-06-10 00:01:58,276 [INFO] Refreshing GoPro cookies via Playwright...
2026-06-10 00:02:03,238 [INFO] Found email field: input#email
2026-06-10 00:02:03,772 [INFO] Found password field: input#password
2026-06-10 00:02:04,413 [INFO] Clicked submit: button.Login_loginButton__iaFNb
2026-06-10 00:02:05,936 [INFO] Cookie refresh successful — 14 cookies saved
2026-06-10 00:02:06,435 [INFO] GoPro scan cutoff: last 2 day(s), after 2026-06-08T00:02:06.000Z
2026-06-10 00:02:06,496 [INFO] GoPro page 1 ordered by created_at: 50 video item(s) returned
2026-06-10 00:02:06,496 [INFO] GoPro candidate: GS010404.360 | id=6a28547cf8aee4df3daf078e | captured_at=2026-06-09T17:44:57Z | created_at=2026-06-09T17:59:24Z | updated_at=2026-06-09T22:55:18Z | discovery_at=2026-06-09T17:59:24Z | effective_at=2026-06-09T17:44:57Z | size=24.93 GB
2026-06-10 00:02:06,496 [INFO] GoPro candidate: GX010166.MP4 | id=6a28546513389dd49d2d171d | captured_at=2026-06-09T17:40:15Z | created_at=2026-06-09T17:59:01Z | updated_at=2026-06-09T19:24:15Z | discovery_at=2026-06-09T17:59:01Z | effective_at=2026-06-09T17:40:15Z | size=19.32 GB
2026-06-10 00:02:06,497 [INFO] GoPro candidate: GX010160.MP4 | id=6a28543c0f9a8f5c2be4b002 | captured_at=2026-06-09T17:37:52Z | created_at=2026-06-09T17:58:20Z | updated_at=2026-06-09T19:39:49Z | discovery_at=2026-06-09T17:58:20Z | effective_at=2026-06-09T17:37:52Z | size=20.03 GB
2026-06-10 00:02:06,497 [INFO] GoPro candidate: GX010159.MP4 | id=6a270f619adfa534c80f5aaa | captured_at=2026-06-08T18:07:53Z | created_at=2026-06-08T18:52:17Z | updated_at=2026-06-08T20:32:30Z | discovery_at=2026-06-08T18:52:17Z | effective_at=2026-06-08T18:07:53Z | size=19.52 GB
2026-06-10 00:02:06,497 [INFO] GoPro candidate: GX010165.MP4 | id=6a270f58bb2389010563259c | captured_at=2026-06-08T18:05:49Z | created_at=2026-06-08T18:52:08Z | updated_at=2026-06-08T20:31:33Z | discovery_at=2026-06-08T18:52:08Z | effective_at=2026-06-08T18:05:49Z | size=20.86 GB
2026-06-10 00:02:06,497 [INFO] GoPro candidate: GX010158.MP4 | id=6a241b4d43b882258c6bd6a7 | captured_at=2026-06-06T09:18:41Z | created_at=2026-06-06T13:06:21Z | updated_at=2026-06-06T15:24:11Z | discovery_at=2026-06-06T13:06:21Z | effective_at=2026-06-06T09:18:41Z | size=36.18 GB
2026-06-10 00:02:06,497 [INFO] Stopping scan at GX010158.MP4 because discovery_at 2026-06-06T13:06:21Z is older than cutoff 2026-06-08T00:02:06.000Z
2026-06-10 00:02:06,498 [WARNING] Filename reuse detected for GX010160.MP4: DB has older filename match, but media_id is different so this will NOT block upload. db_media_id=6a20a55d27fa71c563834ddc, youtube_id=1cHbLgpjTmc, uploaded_at=2026-06-04T03:02:51.646529+00:00
2026-06-10 00:02:06,913 [INFO] Manual GoPro filename mode: searching for exact filename GS010326.360
2026-06-10 00:02:06,969 [INFO] Manual filename search page 1: 50 video item(s) returned
2026-06-10 00:02:07,023 [INFO] Manual filename search page 2: 50 video item(s) returned
2026-06-10 00:02:07,082 [INFO] Manual filename search page 3: 50 video item(s) returned
2026-06-10 00:02:07,139 [INFO] Manual filename search page 4: 50 video item(s) returned
2026-06-10 00:02:07,190 [INFO] Manual filename search page 5: 50 video item(s) returned
2026-06-10 00:02:07,280 [INFO] Manual filename search page 6: 50 video item(s) returned
2026-06-10 00:02:07,333 [INFO] Manual filename search page 7: 50 video item(s) returned
2026-06-10 00:02:07,393 [INFO] Manual filename search page 8: 50 video item(s) returned
2026-06-10 00:02:07,487 [INFO] Manual filename search page 9: 50 video item(s) returned
2026-06-10 00:02:07,537 [INFO] Manual filename search page 10: 50 video item(s) returned
2026-06-10 00:02:07,595 [INFO] Manual filename search page 11: 50 video item(s) returned
2026-06-10 00:02:07,652 [INFO] Manual filename search page 12: 50 video item(s) returned
2026-06-10 00:02:07,743 [INFO] Manual filename search page 13: 50 video item(s) returned
2026-06-10 00:02:07,744 [INFO] Found manual GoPro file: GS010326.360 | id=RD0o9L0oRaLyo | captured_at=2024-11-15T18:15:05Z | created_at=2024-11-17T21:12:36Z | effective_at=2024-11-15T18:15:05Z | size=0.03 GB
2026-06-10 00:02:07,744 [WARNING] Manual filename matched but would normally be filtered: GS010326.360 | id=RD0o9L0oRaLyo | captured_at=2024-11-15T18:15:05Z | created_at=2024-11-17T21:12:36Z | effective_at=2024-11-15T18:15:05Z | size=0.03 GB — already uploaded by exact GoPro media_id (db_media_id=RD0o9L0oRaLyo, youtube_id=49CGbnxSQuM, uploaded_at=2026-06-10T00:00:26.023050+00:00); file below 100MB filter (33.4 MB)
2026-06-10 00:02:07,744 [WARNING] Manual upload: file is below 100MB safety filter but proceeding anyway (manual override)
2026-06-10 00:02:07,744 [WARNING] Manual DB match: media_id=RD0o9L0oRaLyo filename=GS010326.360 captured_at=2024-11-15T18:15:05Z youtube_id=49CGbnxSQuM uploaded_at=2026-06-10T00:00:26.023050+00:00
2026-06-10 00:02:07,744 [INFO] Manual filename override will force upload unless it is below 100MB
2026-06-10 00:02:07,747 [INFO] file_cache is only supported with oauth2client<4.0.0
2026-06-10 00:02:07,749 [INFO] Processing: GS010326.360 (2024-11-15) Camera Manual — 0.0 GB
2026-06-10 00:02:07,935 [WARNING] No preferred 4K variant found for RD0o9L0oRaLyo; falling back to best available variant
2026-06-10 00:02:07,935 [INFO] GoPro download variants for RD0o9L0oRaLyo:
2026-06-10 00:02:07,935 [INFO]   variant 1: label=audio_proxy | quality=0p | available=True | width=0 | height=0 | size= | has_url=True
2026-06-10 00:02:07,935 [INFO]   variant 2: label=source | quality=2688p | available=True | width=4096 | height=2688 | size= | has_url=True
2026-06-10 00:02:07,936 [INFO]   variant 3: label=high_res_proxy_mp4 | quality=1344p | available=True | width=3840 | height=1344 | size= | has_url=True
2026-06-10 00:02:07,936 [INFO] Using fallback GoPro download variant: label=source quality=2688p width=4096 height=2688 size=
2026-06-10 00:02:07,936 [INFO] Detected .360 file (GoPro Max): GS010326.360 — routing through 360 conversion pipeline
2026-06-10 00:02:08,068 [INFO] 360 download variants for RD0o9L0oRaLyo:
2026-06-10 00:02:08,068 [INFO]   label=audio_proxy quality=0p available=True width=0 height=0 has_url=True
2026-06-10 00:02:08,068 [INFO]   label=source quality=2688p available=True width=4096 height=2688 has_url=True
2026-06-10 00:02:08,068 [INFO]   label=high_res_proxy_mp4 quality=1344p available=True width=3840 height=1344 has_url=True
2026-06-10 00:02:08,068 [INFO] 360: using pre-stitched high_res_proxy_mp4 variant
2026-06-10 00:02:08,069 [INFO] 360 conversion: re-encoding pre-stitched proxy GS010326.360 -> H.264 MP4
2026-06-10 00:02:08,069 [INFO] 360 bitrate: 50M | output: GS010326.equirect.mp4
2026-06-10 00:02:08,069 [INFO] 360 FFmpeg command: ffmpeg -y -i https://media-cdn-vod-us-west-2.gopro.com/2a2c8057-83d9-4f45-a8f4-f91667ab2a7f/2802093913903466073/high_res_proxy_mp4/default/1.mp4?ver=1731878021&response-content-disposition=attachment%3B%20filename%3DGS010326.mp4%3B&Expires=1781053328&Signature=QHBTFyT4kALs0-3TLBvOSfITViiKZq2-9FNQaO6TpKoTumJL0blzIZAPanRIB8DpQaWL85lCNkABAG550MM3lSBqMB6UEo9U4uX-MiHeylH82lAlCMDquY3OGz8Al-20n9cG0VfWXwQHcrVWqg~KR8zCw12JAoIE7vh5vzHPmqrKJZ3xyu1UxZETspSIsbuy8~nQzPmMxN19dab9NBOE5FjXRcnWra9NVB88g~fmCNC902-bYYroNSGgyjOOtCkTsjJIhxtIYUif77pVzBYbFaCNlZ7IZ3UR0iOBH~N4dhW1b3jFXpXayg~lrQqsG0Gi0MpE8OgLryXacSltrmN-nw__&Key-Pair-Id=K2W5RBKCTEO7AM -c:v libx264 -b:v 50M -maxrate 50M -bufsize 100M -pix_fmt yuv420p -c:a aac -ac 2 -b:a 192k -movflags +faststart /home/runner/work/ffa-automations/ffa-automations/downloads/GS010326.equirect.mp4
2026-06-10 00:02:08,288 [INFO] [ffmpeg] ffmpeg version 6.1.1-3ubuntu5 Copyright (c) 2000-2023 the FFmpeg developers
2026-06-10 00:02:08,288 [INFO] [ffmpeg]   built with gcc 13 (Ubuntu 13.2.0-23ubuntu3)
2026-06-10 00:02:08,288 [INFO] [ffmpeg]   configuration: --prefix=/usr --extra-version=3ubuntu5 --toolchain=hardened --libdir=/usr/lib/x86_64-linux-gnu --incdir=/usr/include/x86_64-linux-gnu --arch=amd64 --enable-gpl --disable-stripping --disable-omx --enable-gnutls --enable-libaom --enable-libass --enable-libbs2b --enable-libcaca --enable-libcdio --enable-libcodec2 --enable-libdav1d --enable-libflite --enable-libfontconfig --enable-libfreetype --enable-libfribidi --enable-libglslang --enable-libgme --enable-libgsm --enable-libharfbuzz --enable-libmp3lame --enable-libmysofa --enable-libopenjpeg --enable-libopenmpt --enable-libopus --enable-librubberband --enable-libshine --enable-libsnappy --enable-libsoxr --enable-libspeex --enable-libtheora --enable-libtwolame --enable-libvidstab --enable-libvorbis --enable-libvpx --enable-libwebp --enable-libx265 --enable-libxml2 --enable-libxvid --enable-libzimg --enable-openal --enable-opencl --enable-opengl --disable-sndio --enable-libvpl --disable-libmfx --enable-libdc1394 --enable-libdrm --enable-libiec61883 --enable-chromaprint --enable-frei0r --enable-ladspa --enable-libbluray --enable-libjack --enable-libpulse --enable-librabbitmq --enable-librist --enable-libsrt --enable-libssh --enable-libsvtav1 --enable-libx264 --enable-libzmq --enable-libzvbi --enable-lv2 --enable-sdl2 --enable-libplacebo --enable-librav1e --enable-pocketsphinx --enable-librsvg --enable-libjxl --enable-shared
2026-06-10 00:02:08,288 [INFO] [ffmpeg]   libavutil      58. 29.100 / 58. 29.100
2026-06-10 00:02:08,288 [INFO] [ffmpeg]   libavcodec     60. 31.102 / 60. 31.102
2026-06-10 00:02:08,288 [INFO] [ffmpeg]   libavformat    60. 16.100 / 60. 16.100
2026-06-10 00:02:08,288 [INFO] [ffmpeg]   libavdevice    60.  3.100 / 60.  3.100
2026-06-10 00:02:08,288 [INFO] [ffmpeg]   libavfilter     9. 12.100 /  9. 12.100
2026-06-10 00:02:08,288 [INFO] [ffmpeg]   libswscale      7.  5.100 /  7.  5.100
2026-06-10 00:02:08,288 [INFO] [ffmpeg]   libswresample   4. 12.100 /  4. 12.100
2026-06-10 00:02:08,289 [INFO] [ffmpeg]   libpostproc    57.  3.100 / 57.  3.100
2026-06-10 00:02:08,557 [INFO] [ffmpeg] [mov,mp4,m4a,3gp,3g2,mj2 @ 0x55be94bdff80] st: 0 edit list: 1 Missing key frame while searching for timestamp: 0
2026-06-10 00:02:08,557 [INFO] [ffmpeg] [mov,mp4,m4a,3gp,3g2,mj2 @ 0x55be94bdff80] st: 0 edit list 1 Cannot find an index entry before timestamp: 0.
2026-06-10 00:02:08,652 [INFO] [ffmpeg] Input #0, mov,mp4,m4a,3gp,3g2,mj2, from 'https://media-cdn-vod-us-west-2.gopro.com/2a2c8057-83d9-4f45-a8f4-f91667ab2a7f/2802093913903466073/high_res_proxy_mp4/default/1.mp4?ver=1731878021&response-content-disposition=attachment%3B%20filename%3DGS010326.mp4%3B&Expires=1781053328&Signature=QHBTFyT4kALs0-3TLBvOSfITViiKZq2-9FNQaO6TpKoTumJL0blzIZAPanRIB8DpQaWL85lCNkABAG550MM3lSBqMB6UEo9U4uX-MiHeylH82lAlCMDquY3OGz8Al-20n9cG0VfWXwQHcrVWqg~KR8zCw12JAoIE7vh5vzHPmqrKJZ3xyu1UxZETspSIsbuy8~nQzPmMxN19dab9NBOE5FjXRcnWra9NVB88g~fmCNC902-bYYroNSGgyjOOtCkTsjJIhxtIYUif77pVzBYbFaCNlZ7IZ3UR0iOBH~N4dhW1b3jFXpXayg~lrQqsG0Gi0MpE8OgLryXacSltrmN-nw__&Key-Pair-Id=K2W5RBKCTEO7AM':
2026-06-10 00:02:08,652 [INFO] [ffmpeg]   Metadata:
2026-06-10 00:02:08,652 [INFO] [ffmpeg]     major_brand     : isom
2026-06-10 00:02:08,652 [INFO] [ffmpeg]     minor_version   : 512
2026-06-10 00:02:08,652 [INFO] [ffmpeg]     compatible_brands: isomiso2avc1mp41
2026-06-10 00:02:08,652 [INFO] [ffmpeg]     creation_time   : 2024-11-17T21:13:07.000000Z
2026-06-10 00:02:08,652 [INFO] [ffmpeg]     firmware        : H19.03.02.02.00
2026-06-10 00:02:08,652 [INFO] [ffmpeg]     location        : +52.6438-001.1388/
2026-06-10 00:02:08,652 [INFO] [ffmpeg]     location-eng    : +52.6438-001.1388/
2026-06-10 00:02:08,653 [INFO] [ffmpeg]   Duration: 00:00:04.00, start: 0.000000, bitrate: 15667 kb/s
2026-06-10 00:02:08,653 [INFO] [ffmpeg]   Stream #0:0[0x1](eng): Video: h264 (High) (avc1 / 0x31637661), yuvj420p(pc, progressive), 3840x1344 [SAR 1:1 DAR 20:7], 15283 kb/s, 29.97 fps, 29.97 tbr, 90k tbn (default)
2026-06-10 00:02:08,653 [INFO] [ffmpeg]     Metadata:
2026-06-10 00:02:08,653 [INFO] [ffmpeg]       creation_time   : 2024-11-17T21:13:07.000000Z
2026-06-10 00:02:08,653 [INFO] [ffmpeg]       handler_name    : VideoHandler
2026-06-10 00:02:08,653 [INFO] [ffmpeg]       vendor_id       : [0][0][0][0]
2026-06-10 00:02:08,653 [INFO] [ffmpeg]       encoder         : Lavc61.3.100 libx264
2026-06-10 00:02:08,653 [INFO] [ffmpeg]     Side data:
2026-06-10 00:02:08,653 [INFO] [ffmpeg]       spherical: equirectangular (0.000000/0.000000/0.000000)
2026-06-10 00:02:08,653 [INFO] [ffmpeg]   Stream #0:1[0x2](eng): Audio: aac (LC) (mp4a / 0x6134706D), 48000 Hz, stereo, fltp, 188 kb/s (default)
2026-06-10 00:02:08,653 [INFO] [ffmpeg]     Metadata:
2026-06-10 00:02:08,653 [INFO] [ffmpeg]       creation_time   : 2024-11-17T21:13:07.000000Z
2026-06-10 00:02:08,653 [INFO] [ffmpeg]       handler_name    : GoPro AAC
2026-06-10 00:02:08,653 [INFO] [ffmpeg]       vendor_id       : [0][0][0][0]
2026-06-10 00:02:08,655 [INFO] [ffmpeg] Stream mapping:
2026-06-10 00:02:08,656 [INFO] [ffmpeg]   Stream #0:0 -> #0:0 (h264 (native) -> h264 (libx264))
2026-06-10 00:02:08,656 [INFO] [ffmpeg]   Stream #0:1 -> #0:1 (aac (native) -> aac (native))
2026-06-10 00:02:08,656 [INFO] [ffmpeg] Press [q] to stop, [?] for help
2026-06-10 00:02:08,707 [INFO] [ffmpeg] [swscaler @ 0x55be94ffaf40] deprecated pixel format used, make sure you did set range correctly
2026-06-10 00:02:08,715 [INFO] [ffmpeg] [swscaler @ 0x55be95782900] deprecated pixel format used, make sure you did set range correctly
2026-06-10 00:02:08,738 [INFO] [ffmpeg]     Last message repeated 2 times
2026-06-10 00:02:08,739 [INFO] [ffmpeg] [libx264 @ 0x55be94f9e200] using SAR=1/1
2026-06-10 00:02:08,739 [INFO] [ffmpeg] [libx264 @ 0x55be94f9e200] using cpu capabilities: MMX2 SSE2Fast SSSE3 SSE4.2 AVX FMA3 BMI2 AVX2
2026-06-10 00:02:08,745 [INFO] [ffmpeg] [libx264 @ 0x55be94f9e200] profile High, level 5.1, 4:2:0, 8-bit
2026-06-10 00:02:08,746 [INFO] [ffmpeg] [libx264 @ 0x55be94f9e200] 264 - core 164 r3108 31e19f9 - H.264/MPEG-4 AVC codec - Copyleft 2003-2023 - http://www.videolan.org/x264.html - options: cabac=1 ref=3 deblock=1:0:0 analyse=0x3:0x113 me=hex subme=7 psy=1 psy_rd=1.00:0.00 mixed_ref=1 me_range=16 chroma_me=1 trellis=1 8x8dct=1 cqm=0 deadzone=21,11 fast_pskip=1 chroma_qp_offset=-2 threads=6 lookahead_threads=1 sliced_threads=0 nr=0 decimate=1 interlaced=0 bluray_compat=0 constrained_intra=0 bframes=3 b_pyramid=2 b_adapt=1 b_bias=0 direct=1 weightb=1 open_gop=0 weightp=2 keyint=250 keyint_min=25 scenecut=40 intra_refresh=0 rc_lookahead=40 rc=cbr mbtree=1 bitrate=50000 ratetol=1.0 qcomp=0.60 qpmin=0 qpmax=69 qpstep=4 vbv_maxrate=50000 vbv_bufsize=100000 nal_hrd=none filler=0 ip_ratio=1.40 aq=1:1.00
2026-06-10 00:02:08,866 [INFO] [ffmpeg] Output #0, mp4, to '/home/runner/work/ffa-automations/ffa-automations/downloads/GS010326.equirect.mp4':
2026-06-10 00:02:08,866 [INFO] [ffmpeg]   Metadata:
2026-06-10 00:02:08,866 [INFO] [ffmpeg]     major_brand     : isom
2026-06-10 00:02:08,866 [INFO] [ffmpeg]     minor_version   : 512
2026-06-10 00:02:08,866 [INFO] [ffmpeg]     compatible_brands: isomiso2avc1mp41
2026-06-10 00:02:08,866 [INFO] [ffmpeg]     location-eng    : +52.6438-001.1388/
2026-06-10 00:02:08,866 [INFO] [ffmpeg]     firmware        : H19.03.02.02.00
2026-06-10 00:02:08,866 [INFO] [ffmpeg]     location        : +52.6438-001.1388/
2026-06-10 00:02:08,866 [INFO] [ffmpeg]     encoder         : Lavf60.16.100
2026-06-10 00:02:08,866 [INFO] [ffmpeg]   Stream #0:0(eng): Video: h264 (avc1 / 0x31637661), yuv420p(tv, progressive), 3840x1344 [SAR 1:1 DAR 20:7], q=2-31, 50000 kb/s, 29.97 fps, 30k tbn (default)
2026-06-10 00:02:08,866 [INFO] [ffmpeg]     Metadata:
2026-06-10 00:02:08,866 [INFO] [ffmpeg]       creation_time   : 2024-11-17T21:13:07.000000Z
2026-06-10 00:02:08,866 [INFO] [ffmpeg]       handler_name    : VideoHandler
2026-06-10 00:02:08,866 [INFO] [ffmpeg]       vendor_id       : [0][0][0][0]
2026-06-10 00:02:08,866 [INFO] [ffmpeg]       encoder         : Lavc60.31.102 libx264
2026-06-10 00:02:08,866 [INFO] [ffmpeg]     Side data:
2026-06-10 00:02:08,866 [INFO] [ffmpeg]       cpb: bitrate max/min/avg: 50000000/0/50000000 buffer size: 100000000 vbv_delay: N/A
2026-06-10 00:02:08,866 [INFO] [ffmpeg]       spherical: equirectangular (0.000000/0.000000/0.000000)
2026-06-10 00:02:08,866 [INFO] [ffmpeg]   Stream #0:1(eng): Audio: aac (LC) (mp4a / 0x6134706D), 48000 Hz, stereo, fltp, 192 kb/s (default)
2026-06-10 00:02:08,866 [INFO] [ffmpeg]     Metadata:
2026-06-10 00:02:08,866 [INFO] [ffmpeg]       creation_time   : 2024-11-17T21:13:07.000000Z
2026-06-10 00:02:08,866 [INFO] [ffmpeg]       handler_name    : GoPro AAC
2026-06-10 00:02:08,866 [INFO] [ffmpeg]       vendor_id       : [0][0][0][0]
2026-06-10 00:02:08,866 [INFO] [ffmpeg]       encoder         : Lavc60.31.102 aac
2026-06-10 00:02:27,232 [INFO] [ffmpeg] frame=    0 fps=0.0 q=0.0 size=       0kB time=N/A bitrate=N/A speed=N/A    frame=    0 fps=0.0 q=0.0 size=       0kB time=00:00:01.45 bitrate=   0.3kbits/s speed=2.02x    frame=    0 fps=0.0 q=0.0 size=       0kB time=00:00:01.45 bitrate=   0.3kbits/s speed=0.713x    frame=    4 fps=1.4 q=12.0 size=    1024kB time=00:00:01.45 bitrate=5782.9kbits/s speed=0.512x    frame=    7 fps=2.1 q=12.0 size=    1536kB time=00:00:01.94 bitrate=6481.8kbits/s speed=0.577x    frame=   11 fps=2.8 q=12.0 size=    2048kB time=00:00:01.94 bitrate=8642.3kbits/s speed=0.491x    frame=   15 fps=3.3 q=11.0 size=    2816kB time=00:00:01.94 bitrate=11883.1kbits/s speed=0.431x    frame=   19 fps=3.8 q=12.0 size=    3584kB time=00:00:01.96 bitrate=14959.5kbits/s speed=0.389x    frame=   23 fps=4.0 q=11.0 size=    4352kB time=00:00:02.45 bitrate=14532.1kbits/s speed=0.431x    frame=   29 fps=4.7 q=12.0 size=    5376kB time=00:00:02.45 bitrate=17951.3kbits/s speed=0.396x    frame=   30 fps=4.4 q=12.0 size=    5376kB time=00:00:02.45 bitrate=17951.3kbits/s speed=0.362x    frame=   34 fps=4.7 q=12.0 size=    6912kB time=00:00:02.56 bitrate=22118.5kbits/s speed=0.352x    frame=   39 fps=4.8 q=12.0 size=    7936kB time=00:00:02.94 bitrate=22082.9kbits/s speed=0.365x    frame=   44 fps=5.0 q=12.0 size=    9216kB time=00:00:02.94 bitrate=25644.7kbits/s speed=0.337x    frame=   47 fps=5.1 q=12.0 size=    9984kB time=00:00:02.94 bitrate=27781.7kbits/s speed=0.318x    frame=   51 fps=5.2 q=13.0 size=   11008kB time=00:00:03.45 bitrate=26093.1kbits/s speed=0.35x    frame=   57 fps=5.5 q=13.0 size=   12032kB time=00:00:03.45 bitrate=28520.4kbits/s speed=0.333x    frame=   61 fps=5.6 q=12.0 size=   12544kB time=00:00:03.45 bitrate=29734.0kbits/s speed=0.317x    frame=   62 fps=5.4 q=12.0 size=   13312kB time=00:00:03.45 bitrate=31554.5kbits/s speed= 0.3x    frame=   67 fps=5.5 q=14.0 size=   15104kB time=00:00:03.92 bitrate=31521.5kbits/s speed=0.321x    [mp4 @ 0x55be95026540] Starting second pass: moving the moov atom to the beginning of the file
2026-06-10 00:02:27,238 [INFO] [ffmpeg] [out#0/mp4 @ 0x55be94fa6e00] video:27366kB audio:86kB subtitle:0kB other streams:0kB global headers:0kB muxing overhead: 0.020562%
2026-06-10 00:02:27,238 [INFO] [ffmpeg] frame=  118 fps=6.4 q=-1.0 Lsize=   27457kB time=00:00:03.96 bitrate=56685.0kbits/s speed=0.214x
2026-06-10 00:02:27,240 [INFO] [ffmpeg] [libx264 @ 0x55be94f9e200] frame I:1     Avg QP: 2.44  size:560897
2026-06-10 00:02:27,240 [INFO] [ffmpeg] [libx264 @ 0x55be94f9e200] frame P:30    Avg QP: 5.12  size:471843
2026-06-10 00:02:27,241 [INFO] [ffmpeg] [libx264 @ 0x55be94f9e200] frame B:87    Avg QP: 7.32  size:152935
2026-06-10 00:02:27,241 [INFO] [ffmpeg] [libx264 @ 0x55be94f9e200] consecutive B-frames:  0.8%  1.7%  2.5% 94.9%
2026-06-10 00:02:27,241 [INFO] [ffmpeg] [libx264 @ 0x55be94f9e200] mb I  I16..4: 33.8% 30.6% 35.6%
2026-06-10 00:02:27,241 [INFO] [ffmpeg] [libx264 @ 0x55be94f9e200] mb P  I16..4:  9.9% 14.8%  8.8%  P16..4: 25.1% 15.6% 14.0%  0.0%  0.0%    skip:11.7%
2026-06-10 00:02:27,241 [INFO] [ffmpeg] [libx264 @ 0x55be94f9e200] mb B  I16..4:  1.5%  3.5%  1.7%  B16..8: 34.5% 13.0%  5.6%  direct:11.8%  skip:28.4%  L0:45.1% L1:43.9% BI:10.9%
2026-06-10 00:02:27,241 [INFO] [ffmpeg] [libx264 @ 0x55be94f9e200] 8x8 transform intra:45.9% inter:42.4%
2026-06-10 00:02:27,241 [INFO] [ffmpeg] [libx264 @ 0x55be94f9e200] coded y,uvDC,uvAC intra: 66.3% 54.8% 42.5% inter: 33.0% 28.1% 11.7%
2026-06-10 00:02:27,241 [INFO] [ffmpeg] [libx264 @ 0x55be94f9e200] i16 v,h,dc,p: 44% 35%  9% 12%
2026-06-10 00:02:27,241 [INFO] [ffmpeg] [libx264 @ 0x55be94f9e200] i8 v,h,dc,ddl,ddr,vr,hd,vl,hu: 12% 48% 20%  2%  3%  2%  6%  2%  5%
2026-06-10 00:02:27,241 [INFO] [ffmpeg] [libx264 @ 0x55be94f9e200] i4 v,h,dc,ddl,ddr,vr,hd,vl,hu: 15% 51% 12%  3%  5%  2%  6%  2%  4%
2026-06-10 00:02:27,241 [INFO] [ffmpeg] [libx264 @ 0x55be94f9e200] i8c dc,h,v,p: 51% 34%  9%  5%
2026-06-10 00:02:27,241 [INFO] [ffmpeg] [libx264 @ 0x55be94f9e200] Weighted P-Frames: Y:0.0% UV:0.0%
2026-06-10 00:02:27,241 [INFO] [ffmpeg] [libx264 @ 0x55be94f9e200] ref P L0: 58.7%  6.7% 24.0% 10.6%
2026-06-10 00:02:27,241 [INFO] [ffmpeg] [libx264 @ 0x55be94f9e200] ref B L0: 84.1% 12.6%  3.3%
2026-06-10 00:02:27,241 [INFO] [ffmpeg] [libx264 @ 0x55be94f9e200] ref B L1: 93.8%  6.2%
2026-06-10 00:02:27,241 [INFO] [ffmpeg] [libx264 @ 0x55be94f9e200] kb/s:56936.06
2026-06-10 00:02:27,247 [INFO] [ffmpeg] [aac @ 0x55be955a7880] Qavg: 59946.410
2026-06-10 00:02:27,280 [INFO] 360 FFmpeg transcode complete: 0.03 GB
2026-06-10 00:02:27,280 [INFO] 360 metadata: injecting YouTube spatial metadata -> GS010326.360upload.mp4
2026-06-10 00:02:27,344 [INFO] spatialmedia stdout: Processing: /home/runner/work/ffa-automations/ffa-automations/downloads/GS010326.equirect.mp4
Saved file settings
	Track 0
		Spherical = true
		Stitched = true
		StitchingSoftware = Spherical Metadata Tool
		ProjectionType = equirectangular
	Track 1
2026-06-10 00:02:27,345 [INFO] 360 spatial metadata injection complete: GS010326.360upload.mp4
2026-06-10 00:02:27,347 [WARNING] Manual force upload enabled for GS010326.360; skipping DB/filename duplicate blockers
2026-06-10 00:02:27,347 [INFO] Uploading to YouTube: Friday Session | 15th November 2024 | FFA Leicester | 360° (GS010326.360)
2026-06-10 00:02:28,954 [INFO] YouTube upload complete: https://youtu.be/EsQAAlNEtO4
2026-06-10 00:02:29,711 [INFO] Drive: GS010326.360upload.mp4 already in FFA/Sources — skipping
2026-06-10 00:02:29,713 [INFO] Done: GS010326.360 Camera 360 -> https://youtu.be/EsQAAlNEtO4
